
                         CNRS - INP - IRD    
                         The OptiBat team   
                      version 0.0001  (2016) 



 wkb_nam: Control prints
 ~~~~~~~ 
    Namelist namwkb
       X-dimension                 jpi          =         1000
       Y-dimension                 jpj          =            5
       Restart                     ln_rst       =  F
       Frist time steps            nit000       =            0
       Last of time steps          nitend       =         1000
       Output frequency            nstock       =         1000
       Resolution                  rdx          =    5.0000000000000003E-002
       Time step                   rdt          =    5.0000000000000003E-002
       Number of iteration         nitermax     =        50000
       Input directory             cn_dirin     = ./
       Output directory            cn_dirout    = ./
       Input file                  cn_filein    = shoreface_depth.nc
       Output file                 cn_fileout   = shoreface_out.nc
       Periodicity (0/1)           ln_perio     =  T
       Analytical forcing (0/1)    ln_anabry    =  F
       Forcing file                cn_bryin     = shoreface_bry.nc                                                                                                                                                                                                                                                
       Forcing freq                bry_frq      =    100000.00000000000     

 wkb_ini: Read Bathymetry
 ~~~~~~~ 
 Max depth =    9.1285867691040039     
