
                         CNRS - INP - IRD    
                         The OptiBat team   
                      version 0.0001  (2016) 



 wkb_nam: Control prints
 ~~~~~~~ 
    Namelist namwkb
       X-dimension                 jpi          =           61
       Y-dimension                 jpj          =            5
       Restart                     ln_rst       =  F
       Frist time steps            nit000       =            0
       Last of time steps          nitend       =         1000
       Output frequency            nstock       =         1000
       Resolution                  rdx          =    4.1666666666000003E-002
       Time step                   rdt          =    4.1666666666000003E-002
       Number of iteration         nitermax     =        50000
       Input directory             cn_dirin     = ./
       Output directory            cn_dirout    = ./
       Input file                  cn_filein    = shoreface_in.nc
       Output file                 cn_fileout   = shoreface_out.nc
       Periodicity (0/1)           ln_perio     =  T
       Analytical forcing (0/1)    ln_anabry    =  T
       Wave amplitude              wkb_amp      =   0.69999999999999996     
       Wave period                 wkb_prd      =    8.3000000000000007     
       Wave direction              wkb_dir      =   -10.000000000000000     

 wkb_ini: Read Bathymetry
 ~~~~~~~ 
 Max depth =    12.000000000000000     
